running egg_info
creating ../../build/problem2/problem2.egg-info
writing ../../build/problem2/problem2.egg-info/PKG-INFO
writing dependency_links to ../../build/problem2/problem2.egg-info/dependency_links.txt
writing entry points to ../../build/problem2/problem2.egg-info/entry_points.txt
writing requirements to ../../build/problem2/problem2.egg-info/requires.txt
writing top-level names to ../../build/problem2/problem2.egg-info/top_level.txt
writing manifest file '../../build/problem2/problem2.egg-info/SOURCES.txt'
reading manifest file '../../build/problem2/problem2.egg-info/SOURCES.txt'
writing manifest file '../../build/problem2/problem2.egg-info/SOURCES.txt'
running build
running build_py
creating /home/tanmay/Telenex-Robotics-Solution/build/problem2/build
creating /home/tanmay/Telenex-Robotics-Solution/build/problem2/build/lib
creating /home/tanmay/Telenex-Robotics-Solution/build/problem2/build/lib/problem2
copying problem2/drone_telemetry_pub.py -> /home/tanmay/Telenex-Robotics-Solution/build/problem2/build/lib/problem2
copying problem2/__init__.py -> /home/tanmay/Telenex-Robotics-Solution/build/problem2/build/lib/problem2
copying problem2/drone_telemetry_sub.py -> /home/tanmay/Telenex-Robotics-Solution/build/problem2/build/lib/problem2
running install
running install_lib
creating /home/tanmay/Telenex-Robotics-Solution/install/problem2/lib/python3.10/site-packages/problem2
copying /home/tanmay/Telenex-Robotics-Solution/build/problem2/build/lib/problem2/drone_telemetry_pub.py -> /home/tanmay/Telenex-Robotics-Solution/install/problem2/lib/python3.10/site-packages/problem2
copying /home/tanmay/Telenex-Robotics-Solution/build/problem2/build/lib/problem2/__init__.py -> /home/tanmay/Telenex-Robotics-Solution/install/problem2/lib/python3.10/site-packages/problem2
copying /home/tanmay/Telenex-Robotics-Solution/build/problem2/build/lib/problem2/drone_telemetry_sub.py -> /home/tanmay/Telenex-Robotics-Solution/install/problem2/lib/python3.10/site-packages/problem2
byte-compiling /home/tanmay/Telenex-Robotics-Solution/install/problem2/lib/python3.10/site-packages/problem2/drone_telemetry_pub.py to drone_telemetry_pub.cpython-310.pyc
byte-compiling /home/tanmay/Telenex-Robotics-Solution/install/problem2/lib/python3.10/site-packages/problem2/__init__.py to __init__.cpython-310.pyc
byte-compiling /home/tanmay/Telenex-Robotics-Solution/install/problem2/lib/python3.10/site-packages/problem2/drone_telemetry_sub.py to drone_telemetry_sub.cpython-310.pyc
running install_data
creating /home/tanmay/Telenex-Robotics-Solution/install/problem2/share/ament_index
creating /home/tanmay/Telenex-Robotics-Solution/install/problem2/share/ament_index/resource_index
creating /home/tanmay/Telenex-Robotics-Solution/install/problem2/share/ament_index/resource_index/packages
copying resource/problem2 -> /home/tanmay/Telenex-Robotics-Solution/install/problem2/share/ament_index/resource_index/packages
copying package.xml -> /home/tanmay/Telenex-Robotics-Solution/install/problem2/share/problem2
running install_egg_info
Copying ../../build/problem2/problem2.egg-info to /home/tanmay/Telenex-Robotics-Solution/install/problem2/lib/python3.10/site-packages/problem2-0.0.0-py3.10.egg-info
running install_scripts
Installing drone_telemetry_publisher script to /home/tanmay/Telenex-Robotics-Solution/install/problem2/lib/problem2
Installing drone_telemetry_subscriber script to /home/tanmay/Telenex-Robotics-Solution/install/problem2/lib/problem2
writing list of installed files to '/home/tanmay/Telenex-Robotics-Solution/build/problem2/install.log'
