[1.022s] Invoking command in '/home/tanmay/Telenex-Robotics-Solution/src/problem1': PYTHONPATH=/home/tanmay/Telenex-Robotics-Solution/build/problem1/prefix_override:/usr/lib/python3/dist-packages/colcon_core/task/python/colcon_distutils_commands:/home/tanmay/Telenex-Robotics-Solution/install/problem1/lib/python3.10/site-packages:${PYTHONPATH} /usr/bin/python3 -W ignore:setup.py install is deprecated setup.py egg_info --egg-base ../../build/problem1 build --build-base /home/tanmay/Telenex-Robotics-Solution/build/problem1/build install --record /home/tanmay/Telenex-Robotics-Solution/build/problem1/install.log --single-version-externally-managed install_data
[1.192s] running egg_info
[1.193s] creating ../../build/problem1/problem1.egg-info
[1.193s] writing ../../build/problem1/problem1.egg-info/PKG-INFO
[1.193s] writing dependency_links to ../../build/problem1/problem1.egg-info/dependency_links.txt
[1.193s] writing entry points to ../../build/problem1/problem1.egg-info/entry_points.txt
[1.193s] writing requirements to ../../build/problem1/problem1.egg-info/requires.txt
[1.193s] writing top-level names to ../../build/problem1/problem1.egg-info/top_level.txt
[1.193s] writing manifest file '../../build/problem1/problem1.egg-info/SOURCES.txt'
[1.195s] reading manifest file '../../build/problem1/problem1.egg-info/SOURCES.txt'
[1.195s] writing manifest file '../../build/problem1/problem1.egg-info/SOURCES.txt'
[1.196s] running build
[1.196s] running build_py
[1.196s] creating /home/tanmay/Telenex-Robotics-Solution/build/problem1/build
[1.196s] creating /home/tanmay/Telenex-Robotics-Solution/build/problem1/build/lib
[1.196s] creating /home/tanmay/Telenex-Robotics-Solution/build/problem1/build/lib/problem1
[1.196s] copying problem1/robot2_sub.py -> /home/tanmay/Telenex-Robotics-Solution/build/problem1/build/lib/problem1
[1.196s] copying problem1/robot_telemetry_sub.py -> /home/tanmay/Telenex-Robotics-Solution/build/problem1/build/lib/problem1
[1.196s] copying problem1/robot_telemetry_pub.py -> /home/tanmay/Telenex-Robotics-Solution/build/problem1/build/lib/problem1
[1.196s] copying problem1/robot2_pub.py -> /home/tanmay/Telenex-Robotics-Solution/build/problem1/build/lib/problem1
[1.196s] copying problem1/__init__.py -> /home/tanmay/Telenex-Robotics-Solution/build/problem1/build/lib/problem1
[1.197s] running install
[1.197s] running install_lib
[1.198s] creating /home/tanmay/Telenex-Robotics-Solution/install/problem1/lib/python3.10/site-packages/problem1
[1.198s] copying /home/tanmay/Telenex-Robotics-Solution/build/problem1/build/lib/problem1/robot2_sub.py -> /home/tanmay/Telenex-Robotics-Solution/install/problem1/lib/python3.10/site-packages/problem1
[1.198s] copying /home/tanmay/Telenex-Robotics-Solution/build/problem1/build/lib/problem1/robot_telemetry_sub.py -> /home/tanmay/Telenex-Robotics-Solution/install/problem1/lib/python3.10/site-packages/problem1
[1.198s] copying /home/tanmay/Telenex-Robotics-Solution/build/problem1/build/lib/problem1/robot_telemetry_pub.py -> /home/tanmay/Telenex-Robotics-Solution/install/problem1/lib/python3.10/site-packages/problem1
[1.198s] copying /home/tanmay/Telenex-Robotics-Solution/build/problem1/build/lib/problem1/robot2_pub.py -> /home/tanmay/Telenex-Robotics-Solution/install/problem1/lib/python3.10/site-packages/problem1
[1.198s] copying /home/tanmay/Telenex-Robotics-Solution/build/problem1/build/lib/problem1/__init__.py -> /home/tanmay/Telenex-Robotics-Solution/install/problem1/lib/python3.10/site-packages/problem1
[1.199s] byte-compiling /home/tanmay/Telenex-Robotics-Solution/install/problem1/lib/python3.10/site-packages/problem1/robot2_sub.py to robot2_sub.cpython-310.pyc
[1.199s] byte-compiling /home/tanmay/Telenex-Robotics-Solution/install/problem1/lib/python3.10/site-packages/problem1/robot_telemetry_sub.py to robot_telemetry_sub.cpython-310.pyc
[1.199s] byte-compiling /home/tanmay/Telenex-Robotics-Solution/install/problem1/lib/python3.10/site-packages/problem1/robot_telemetry_pub.py to robot_telemetry_pub.cpython-310.pyc
[1.200s] byte-compiling /home/tanmay/Telenex-Robotics-Solution/install/problem1/lib/python3.10/site-packages/problem1/robot2_pub.py to robot2_pub.cpython-310.pyc
[1.200s] byte-compiling /home/tanmay/Telenex-Robotics-Solution/install/problem1/lib/python3.10/site-packages/problem1/__init__.py to __init__.cpython-310.pyc
[1.200s] running install_data
[1.200s] creating /home/tanmay/Telenex-Robotics-Solution/install/problem1/share/ament_index
[1.200s] creating /home/tanmay/Telenex-Robotics-Solution/install/problem1/share/ament_index/resource_index
[1.200s] creating /home/tanmay/Telenex-Robotics-Solution/install/problem1/share/ament_index/resource_index/packages
[1.200s] copying resource/problem1 -> /home/tanmay/Telenex-Robotics-Solution/install/problem1/share/ament_index/resource_index/packages
[1.200s] copying package.xml -> /home/tanmay/Telenex-Robotics-Solution/install/problem1/share/problem1
[1.200s] running install_egg_info
[1.202s] Copying ../../build/problem1/problem1.egg-info to /home/tanmay/Telenex-Robotics-Solution/install/problem1/lib/python3.10/site-packages/problem1-0.0.0-py3.10.egg-info
[1.202s] running install_scripts
[1.219s] Installing robot_telemetry_publisher script to /home/tanmay/Telenex-Robotics-Solution/install/problem1/lib/problem1
[1.219s] Installing robot_telemetry_subscriber script to /home/tanmay/Telenex-Robotics-Solution/install/problem1/lib/problem1
[1.219s] Installing robot_telemetry_trial_pub script to /home/tanmay/Telenex-Robotics-Solution/install/problem1/lib/problem1
[1.219s] Installing robot_telemetry_trial_sub script to /home/tanmay/Telenex-Robotics-Solution/install/problem1/lib/problem1
[1.219s] writing list of installed files to '/home/tanmay/Telenex-Robotics-Solution/build/problem1/install.log'
[1.239s] Invoked command in '/home/tanmay/Telenex-Robotics-Solution/src/problem1' returned '0': PYTHONPATH=/home/tanmay/Telenex-Robotics-Solution/build/problem1/prefix_override:/usr/lib/python3/dist-packages/colcon_core/task/python/colcon_distutils_commands:/home/tanmay/Telenex-Robotics-Solution/install/problem1/lib/python3.10/site-packages:${PYTHONPATH} /usr/bin/python3 -W ignore:setup.py install is deprecated setup.py egg_info --egg-base ../../build/problem1 build --build-base /home/tanmay/Telenex-Robotics-Solution/build/problem1/build install --record /home/tanmay/Telenex-Robotics-Solution/build/problem1/install.log --single-version-externally-managed install_data
