/home/tanmay/Telenex-Robotics-Solution/install/problem1/lib/python3.10/site-packages/problem1/robot2_sub.py
/home/tanmay/Telenex-Robotics-Solution/install/problem1/lib/python3.10/site-packages/problem1/robot_telemetry_sub.py
/home/tanmay/Telenex-Robotics-Solution/install/problem1/lib/python3.10/site-packages/problem1/robot_telemetry_pub.py
/home/tanmay/Telenex-Robotics-Solution/install/problem1/lib/python3.10/site-packages/problem1/robot2_pub.py
/home/tanmay/Telenex-Robotics-Solution/install/problem1/lib/python3.10/site-packages/problem1/__init__.py
/home/tanmay/Telenex-Robotics-Solution/install/problem1/lib/python3.10/site-packages/problem1/__pycache__/robot2_sub.cpython-310.pyc
/home/tanmay/Telenex-Robotics-Solution/install/problem1/lib/python3.10/site-packages/problem1/__pycache__/robot_telemetry_sub.cpython-310.pyc
/home/tanmay/Telenex-Robotics-Solution/install/problem1/lib/python3.10/site-packages/problem1/__pycache__/robot_telemetry_pub.cpython-310.pyc
/home/tanmay/Telenex-Robotics-Solution/install/problem1/lib/python3.10/site-packages/problem1/__pycache__/robot2_pub.cpython-310.pyc
/home/tanmay/Telenex-Robotics-Solution/install/problem1/lib/python3.10/site-packages/problem1/__pycache__/__init__.cpython-310.pyc
/home/tanmay/Telenex-Robotics-Solution/install/problem1/share/ament_index/resource_index/packages/problem1
/home/tanmay/Telenex-Robotics-Solution/install/problem1/share/problem1/package.xml
/home/tanmay/Telenex-Robotics-Solution/install/problem1/lib/python3.10/site-packages/problem1-0.0.0-py3.10.egg-info/zip-safe
/home/tanmay/Telenex-Robotics-Solution/install/problem1/lib/python3.10/site-packages/problem1-0.0.0-py3.10.egg-info/dependency_links.txt
/home/tanmay/Telenex-Robotics-Solution/install/problem1/lib/python3.10/site-packages/problem1-0.0.0-py3.10.egg-info/entry_points.txt
/home/tanmay/Telenex-Robotics-Solution/install/problem1/lib/python3.10/site-packages/problem1-0.0.0-py3.10.egg-info/SOURCES.txt
/home/tanmay/Telenex-Robotics-Solution/install/problem1/lib/python3.10/site-packages/problem1-0.0.0-py3.10.egg-info/PKG-INFO
/home/tanmay/Telenex-Robotics-Solution/install/problem1/lib/python3.10/site-packages/problem1-0.0.0-py3.10.egg-info/requires.txt
/home/tanmay/Telenex-Robotics-Solution/install/problem1/lib/python3.10/site-packages/problem1-0.0.0-py3.10.egg-info/top_level.txt
/home/tanmay/Telenex-Robotics-Solution/install/problem1/lib/problem1/robot_telemetry_publisher
/home/tanmay/Telenex-Robotics-Solution/install/problem1/lib/problem1/robot_telemetry_subscriber
/home/tanmay/Telenex-Robotics-Solution/install/problem1/lib/problem1/robot_telemetry_trial_pub
/home/tanmay/Telenex-Robotics-Solution/install/problem1/lib/problem1/robot_telemetry_trial_sub
