[0.022s] Invoking command in '/home/tanmay/Telenex-Robotics-Solution/build/custom_interfaces': CMAKE_PREFIX_PATH=${CMAKE_PREFIX_PATH}:/home/tanmay/telenex_robotics_assignments/install/problem4:/home/tanmay/telenex_robotics_assignments/install/problem3:/home/tanmay/telenex_robotics_assignments/install/problem2:/home/tanmay/telenex_robotics_assignments/install/problem1:/home/tanmay/colcon_ws/install/ur5_control:/opt/ros/humble /usr/bin/cmake /home/tanmay/Telenex-Robotics-Solution/src/custom_interfaces -DCMAKE_INSTALL_PREFIX=/home/tanmay/Telenex-Robotics-Solution/install/custom_interfaces
[0.556s] -- The C compiler identification is GNU 11.4.0
[0.556s] -- The CXX compiler identification is GNU 11.4.0
[0.556s] -- Detecting C compiler ABI info
[0.556s] -- Detecting C compiler ABI info - done
[0.556s] -- Check for working C compiler: /usr/bin/cc - skipped
[0.556s] -- Detecting C compile features
[0.556s] -- Detecting C compile features - done
[0.556s] -- Detecting CXX compiler ABI info
[0.556s] -- Detecting CXX compiler ABI info - done
[0.556s] -- Check for working CXX compiler: /usr/bin/c++ - skipped
[0.557s] -- Detecting CXX compile features
[0.557s] -- Detecting CXX compile features - done
[0.557s] -- Found ament_cmake: 1.3.10 (/opt/ros/humble/share/ament_cmake/cmake)
[0.557s] -- Found Python3: /usr/bin/python3 (found version "3.10.12") found components: Interpreter 
[0.557s] -- Found std_msgs: 4.2.4 (/opt/ros/humble/share/std_msgs/cmake)
[0.557s] -- Found rosidl_generator_c: 3.1.5 (/opt/ros/humble/share/rosidl_generator_c/cmake)
[0.557s] -- Found rosidl_adapter: 3.1.5 (/opt/ros/humble/share/rosidl_adapter/cmake)
[0.557s] -- Found rosidl_generator_cpp: 3.1.5 (/opt/ros/humble/share/rosidl_generator_cpp/cmake)
[0.557s] -- Using all available rosidl_typesupport_c: rosidl_typesupport_fastrtps_c;rosidl_typesupport_introspection_c
[0.557s] -- Using all available rosidl_typesupport_cpp: rosidl_typesupport_fastrtps_cpp;rosidl_typesupport_introspection_cpp
[0.557s] -- Found geometry_msgs: 4.2.4 (/opt/ros/humble/share/geometry_msgs/cmake)
[0.557s] -- Found rosidl_default_generators: 1.2.0 (/opt/ros/humble/share/rosidl_default_generators/cmake)
[0.697s] -- Found ament_cmake_ros: 0.10.0 (/opt/ros/humble/share/ament_cmake_ros/cmake)
[1.040s] -- Using all available rosidl_typesupport_c: rosidl_typesupport_fastrtps_c;rosidl_typesupport_introspection_c
[1.158s] -- Using all available rosidl_typesupport_cpp: rosidl_typesupport_fastrtps_cpp;rosidl_typesupport_introspection_cpp
[1.176s] -- Found PythonInterp: /usr/bin/python3 (found suitable version "3.10.12", minimum required is "3.6") 
[1.178s] -- Found python_cmake_module: 0.10.0 (/opt/ros/humble/share/python_cmake_module/cmake)
[1.199s] -- Found PythonLibs: /usr/lib/x86_64-linux-gnu/libpython3.10.so (found suitable version "3.10.12", minimum required is "3.5") 
[1.200s] -- Using PYTHON_EXECUTABLE: /usr/bin/python3
[1.200s] -- Using PYTHON_INCLUDE_DIRS: /usr/include/python3.10
[1.200s] -- Using PYTHON_LIBRARIES: /usr/lib/x86_64-linux-gnu/libpython3.10.so
[1.219s] -- Found PythonExtra: .so  
[1.266s] -- Found ament_lint_auto: 0.12.11 (/opt/ros/humble/share/ament_lint_auto/cmake)
[1.288s] -- Added test 'lint_cmake' to check CMake code style
[1.289s] -- Added test 'xmllint' to check XML markup files
[1.291s] -- Configuring done
[1.312s] -- Generating done
[1.314s] -- Build files have been written to: /home/tanmay/Telenex-Robotics-Solution/build/custom_interfaces
[1.319s] Invoked command in '/home/tanmay/Telenex-Robotics-Solution/build/custom_interfaces' returned '0': CMAKE_PREFIX_PATH=${CMAKE_PREFIX_PATH}:/home/tanmay/telenex_robotics_assignments/install/problem4:/home/tanmay/telenex_robotics_assignments/install/problem3:/home/tanmay/telenex_robotics_assignments/install/problem2:/home/tanmay/telenex_robotics_assignments/install/problem1:/home/tanmay/colcon_ws/install/ur5_control:/opt/ros/humble /usr/bin/cmake /home/tanmay/Telenex-Robotics-Solution/src/custom_interfaces -DCMAKE_INSTALL_PREFIX=/home/tanmay/Telenex-Robotics-Solution/install/custom_interfaces
[1.321s] Invoking command in '/home/tanmay/Telenex-Robotics-Solution/build/custom_interfaces': CMAKE_PREFIX_PATH=${CMAKE_PREFIX_PATH}:/home/tanmay/telenex_robotics_assignments/install/problem4:/home/tanmay/telenex_robotics_assignments/install/problem3:/home/tanmay/telenex_robotics_assignments/install/problem2:/home/tanmay/telenex_robotics_assignments/install/problem1:/home/tanmay/colcon_ws/install/ur5_control:/opt/ros/humble /usr/bin/cmake --build /home/tanmay/Telenex-Robotics-Solution/build/custom_interfaces -- -j12 -l12
[1.350s] [  1%] [34m[1mGenerating C code for ROS interfaces[0m
[1.358s] [  3%] [34m[1mGenerating C++ code for ROS interfaces[0m
[1.364s] [  3%] Built target ament_cmake_python_copy_custom_interfaces
[1.532s] running egg_info
[1.533s] creating custom_interfaces.egg-info
[1.533s] writing custom_interfaces.egg-info/PKG-INFO
[1.533s] writing dependency_links to custom_interfaces.egg-info/dependency_links.txt
[1.533s] writing top-level names to custom_interfaces.egg-info/top_level.txt
[1.533s] writing manifest file 'custom_interfaces.egg-info/SOURCES.txt'
[1.534s] reading manifest file 'custom_interfaces.egg-info/SOURCES.txt'
[1.535s] writing manifest file 'custom_interfaces.egg-info/SOURCES.txt'
[1.554s] [  3%] Built target ament_cmake_python_build_custom_interfaces_egg
[1.640s] [  3%] Built target custom_interfaces__cpp
[1.648s] [  9%] [34m[1mGenerating C++ type support for eProsima Fast-RTPS[0m
[1.648s] [  9%] [34m[1mGenerating C++ introspection for ROS interfaces[0m
[1.648s] [  9%] [34m[1mGenerating C++ type support dispatch for ROS interfaces[0m
[1.656s] [ 14%] [32mBuilding C object CMakeFiles/custom_interfaces__rosidl_generator_c.dir/rosidl_generator_c/custom_interfaces/msg/detail/object_meta_data__functions.c.o[0m
[1.656s] [ 14%] [32mBuilding C object CMakeFiles/custom_interfaces__rosidl_generator_c.dir/rosidl_generator_c/custom_interfaces/msg/detail/robot_telemetry__functions.c.o[0m
[1.656s] [ 14%] [32mBuilding C object CMakeFiles/custom_interfaces__rosidl_generator_c.dir/rosidl_generator_c/custom_interfaces/msg/detail/drone_telemetry__functions.c.o[0m
[1.659s] [ 16%] [32mBuilding C object CMakeFiles/custom_interfaces__rosidl_generator_c.dir/rosidl_generator_c/custom_interfaces/srv/detail/farm_management__functions.c.o[0m
[1.719s] [ 18%] [32m[1mLinking C shared library libcustom_interfaces__rosidl_generator_c.so[0m
[1.746s] [ 18%] Built target custom_interfaces__rosidl_generator_c
[1.754s] [ 23%] [34m[1mGenerating C introspection for ROS interfaces[0m
[1.755s] [ 23%] [34m[1mGenerating C type support for eProsima Fast-RTPS[0m
[1.755s] [ 23%] [34m[1mGenerating C type support dispatch for ROS interfaces[0m
[1.870s] [ 25%] [32mBuilding CXX object CMakeFiles/custom_interfaces__rosidl_typesupport_cpp.dir/rosidl_typesupport_cpp/custom_interfaces/msg/robot_telemetry__type_support.cpp.o[0m
[1.872s] [ 30%] [32mBuilding CXX object CMakeFiles/custom_interfaces__rosidl_typesupport_cpp.dir/rosidl_typesupport_cpp/custom_interfaces/srv/farm_management__type_support.cpp.o[0m
[1.872s] [ 30%] [32mBuilding CXX object CMakeFiles/custom_interfaces__rosidl_typesupport_cpp.dir/rosidl_typesupport_cpp/custom_interfaces/msg/drone_telemetry__type_support.cpp.o[0m
[1.873s] [ 30%] [32mBuilding CXX object CMakeFiles/custom_interfaces__rosidl_typesupport_cpp.dir/rosidl_typesupport_cpp/custom_interfaces/msg/object_meta_data__type_support.cpp.o[0m
[1.914s] [ 36%] [32mBuilding CXX object CMakeFiles/custom_interfaces__rosidl_typesupport_introspection_cpp.dir/rosidl_typesupport_introspection_cpp/custom_interfaces/msg/detail/drone_telemetry__type_support.cpp.o[0m
[1.914s] [ 36%] [32mBuilding CXX object CMakeFiles/custom_interfaces__rosidl_typesupport_introspection_cpp.dir/rosidl_typesupport_introspection_cpp/custom_interfaces/msg/detail/robot_telemetry__type_support.cpp.o[0m
[1.914s] [ 36%] [32mBuilding CXX object CMakeFiles/custom_interfaces__rosidl_typesupport_introspection_cpp.dir/rosidl_typesupport_introspection_cpp/custom_interfaces/srv/detail/farm_management__type_support.cpp.o[0m
[1.914s] [ 38%] [32mBuilding CXX object CMakeFiles/custom_interfaces__rosidl_typesupport_introspection_cpp.dir/rosidl_typesupport_introspection_cpp/custom_interfaces/msg/detail/object_meta_data__type_support.cpp.o[0m
[2.054s] [ 40%] [32mBuilding CXX object CMakeFiles/custom_interfaces__rosidl_typesupport_fastrtps_cpp.dir/rosidl_typesupport_fastrtps_cpp/custom_interfaces/msg/detail/dds_fastrtps/robot_telemetry__type_support.cpp.o[0m
[2.061s] [ 41%] [32mBuilding CXX object CMakeFiles/custom_interfaces__rosidl_typesupport_c.dir/rosidl_typesupport_c/custom_interfaces/msg/robot_telemetry__type_support.cpp.o[0m
[2.097s] [ 43%] [32mBuilding CXX object CMakeFiles/custom_interfaces__rosidl_typesupport_c.dir/rosidl_typesupport_c/custom_interfaces/msg/drone_telemetry__type_support.cpp.o[0m
[2.133s] [ 45%] [32mBuilding CXX object CMakeFiles/custom_interfaces__rosidl_typesupport_c.dir/rosidl_typesupport_c/custom_interfaces/msg/object_meta_data__type_support.cpp.o[0m
[2.163s] [ 47%] [32mBuilding CXX object CMakeFiles/custom_interfaces__rosidl_typesupport_c.dir/rosidl_typesupport_c/custom_interfaces/srv/farm_management__type_support.cpp.o[0m
[2.173s] [ 49%] [32mBuilding CXX object CMakeFiles/custom_interfaces__rosidl_typesupport_fastrtps_cpp.dir/rosidl_typesupport_fastrtps_cpp/custom_interfaces/msg/detail/dds_fastrtps/drone_telemetry__type_support.cpp.o[0m
[2.181s] [ 50%] [32mBuilding CXX object CMakeFiles/custom_interfaces__rosidl_typesupport_fastrtps_cpp.dir/rosidl_typesupport_fastrtps_cpp/custom_interfaces/msg/detail/dds_fastrtps/object_meta_data__type_support.cpp.o[0m
[2.181s] [ 52%] [32mBuilding CXX object CMakeFiles/custom_interfaces__rosidl_typesupport_fastrtps_cpp.dir/rosidl_typesupport_fastrtps_cpp/custom_interfaces/srv/detail/dds_fastrtps/farm_management__type_support.cpp.o[0m
[2.181s] [ 54%] [32m[1mLinking CXX shared library libcustom_interfaces__rosidl_typesupport_cpp.so[0m
[2.184s] [ 56%] [32mBuilding C object CMakeFiles/custom_interfaces__rosidl_typesupport_introspection_c.dir/rosidl_typesupport_introspection_c/custom_interfaces/msg/detail/robot_telemetry__type_support.c.o[0m
[2.189s] [ 58%] [32mBuilding CXX object CMakeFiles/custom_interfaces__rosidl_typesupport_fastrtps_c.dir/rosidl_typesupport_fastrtps_c/custom_interfaces/msg/detail/robot_telemetry__type_support_c.cpp.o[0m
[2.200s] [ 60%] [32m[1mLinking CXX shared library libcustom_interfaces__rosidl_typesupport_c.so[0m
[2.223s] [ 61%] [32mBuilding C object CMakeFiles/custom_interfaces__rosidl_typesupport_introspection_c.dir/rosidl_typesupport_introspection_c/custom_interfaces/msg/detail/drone_telemetry__type_support.c.o[0m
[2.238s] [ 61%] Built target custom_interfaces__rosidl_typesupport_cpp
[2.248s] [ 63%] [32mBuilding CXX object CMakeFiles/custom_interfaces__rosidl_typesupport_fastrtps_c.dir/rosidl_typesupport_fastrtps_c/custom_interfaces/msg/detail/drone_telemetry__type_support_c.cpp.o[0m
[2.253s] [ 63%] Built target custom_interfaces__rosidl_typesupport_c
[2.262s] [ 65%] [32mBuilding C object CMakeFiles/custom_interfaces__rosidl_typesupport_introspection_c.dir/rosidl_typesupport_introspection_c/custom_interfaces/msg/detail/object_meta_data__type_support.c.o[0m
[2.267s] [ 67%] [32mBuilding CXX object CMakeFiles/custom_interfaces__rosidl_typesupport_fastrtps_c.dir/rosidl_typesupport_fastrtps_c/custom_interfaces/msg/detail/object_meta_data__type_support_c.cpp.o[0m
[2.306s] [ 69%] [32mBuilding C object CMakeFiles/custom_interfaces__rosidl_typesupport_introspection_c.dir/rosidl_typesupport_introspection_c/custom_interfaces/srv/detail/farm_management__type_support.c.o[0m
[2.326s] [ 70%] [32mBuilding CXX object CMakeFiles/custom_interfaces__rosidl_typesupport_fastrtps_c.dir/rosidl_typesupport_fastrtps_c/custom_interfaces/srv/detail/farm_management__type_support_c.cpp.o[0m
[2.349s] [ 72%] [32m[1mLinking C shared library libcustom_interfaces__rosidl_typesupport_introspection_c.so[0m
[2.364s] [ 74%] [32m[1mLinking CXX shared library libcustom_interfaces__rosidl_typesupport_introspection_cpp.so[0m
[2.382s] [ 74%] Built target custom_interfaces__rosidl_typesupport_introspection_c
[2.438s] [ 74%] Built target custom_interfaces__rosidl_typesupport_introspection_cpp
[2.581s] [ 76%] [32m[1mLinking CXX shared library libcustom_interfaces__rosidl_typesupport_fastrtps_cpp.so[0m
[2.629s] [ 78%] [32m[1mLinking CXX shared library libcustom_interfaces__rosidl_typesupport_fastrtps_c.so[0m
[2.631s] [ 78%] Built target custom_interfaces__rosidl_typesupport_fastrtps_cpp
[2.685s] [ 78%] Built target custom_interfaces__rosidl_typesupport_fastrtps_c
[2.700s] [ 78%] Built target custom_interfaces
[2.720s] [ 80%] [34m[1mGenerating Python code for ROS interfaces[0m
[3.116s] [ 80%] Built target custom_interfaces__py
[3.131s] [ 87%] [32mBuilding C object CMakeFiles/custom_interfaces__rosidl_generator_py.dir/rosidl_generator_py/custom_interfaces/msg/_drone_telemetry_s.c.o[0m
[3.131s] [ 87%] [32mBuilding C object CMakeFiles/custom_interfaces__rosidl_generator_py.dir/rosidl_generator_py/custom_interfaces/msg/_robot_telemetry_s.c.o[0m
[3.131s] [ 87%] [32mBuilding C object CMakeFiles/custom_interfaces__rosidl_generator_py.dir/rosidl_generator_py/custom_interfaces/msg/_object_meta_data_s.c.o[0m
[3.131s] [ 87%] [32mBuilding C object CMakeFiles/custom_interfaces__rosidl_generator_py.dir/rosidl_generator_py/custom_interfaces/srv/_farm_management_s.c.o[0m
[3.203s] [ 89%] [32m[1mLinking C shared library rosidl_generator_py/custom_interfaces/libcustom_interfaces__rosidl_generator_py.so[0m
[3.233s] [ 89%] Built target custom_interfaces__rosidl_generator_py
[3.248s] [ 94%] [32mBuilding C object CMakeFiles/custom_interfaces__rosidl_typesupport_introspection_c__pyext.dir/rosidl_generator_py/custom_interfaces/_custom_interfaces_s.ep.rosidl_typesupport_introspection_c.c.o[0m
[3.248s] [ 94%] [32mBuilding C object CMakeFiles/custom_interfaces__rosidl_typesupport_fastrtps_c__pyext.dir/rosidl_generator_py/custom_interfaces/_custom_interfaces_s.ep.rosidl_typesupport_fastrtps_c.c.o[0m
[3.248s] [ 94%] [32mBuilding C object CMakeFiles/custom_interfaces__rosidl_typesupport_c__pyext.dir/rosidl_generator_py/custom_interfaces/_custom_interfaces_s.ep.rosidl_typesupport_c.c.o[0m
[3.319s] [100%] [32m[1mLinking C shared library rosidl_generator_py/custom_interfaces/custom_interfaces_s__rosidl_typesupport_c.cpython-310-x86_64-linux-gnu.so[0m
[3.319s] [100%] [32m[1mLinking C shared library rosidl_generator_py/custom_interfaces/custom_interfaces_s__rosidl_typesupport_introspection_c.cpython-310-x86_64-linux-gnu.so[0m
[3.319s] [100%] [32m[1mLinking C shared library rosidl_generator_py/custom_interfaces/custom_interfaces_s__rosidl_typesupport_fastrtps_c.cpython-310-x86_64-linux-gnu.so[0m
[3.348s] [100%] Built target custom_interfaces__rosidl_typesupport_fastrtps_c__pyext
[3.348s] [100%] Built target custom_interfaces__rosidl_typesupport_introspection_c__pyext
[3.348s] [100%] Built target custom_interfaces__rosidl_typesupport_c__pyext
[3.357s] Invoked command in '/home/tanmay/Telenex-Robotics-Solution/build/custom_interfaces' returned '0': CMAKE_PREFIX_PATH=${CMAKE_PREFIX_PATH}:/home/tanmay/telenex_robotics_assignments/install/problem4:/home/tanmay/telenex_robotics_assignments/install/problem3:/home/tanmay/telenex_robotics_assignments/install/problem2:/home/tanmay/telenex_robotics_assignments/install/problem1:/home/tanmay/colcon_ws/install/ur5_control:/opt/ros/humble /usr/bin/cmake --build /home/tanmay/Telenex-Robotics-Solution/build/custom_interfaces -- -j12 -l12
[3.445s] Invoking command in '/home/tanmay/Telenex-Robotics-Solution/build/custom_interfaces': CMAKE_PREFIX_PATH=${CMAKE_PREFIX_PATH}:/home/tanmay/telenex_robotics_assignments/install/problem4:/home/tanmay/telenex_robotics_assignments/install/problem3:/home/tanmay/telenex_robotics_assignments/install/problem2:/home/tanmay/telenex_robotics_assignments/install/problem1:/home/tanmay/colcon_ws/install/ur5_control:/opt/ros/humble /usr/bin/cmake --install /home/tanmay/Telenex-Robotics-Solution/build/custom_interfaces
[3.451s] -- Install configuration: ""
[3.451s] -- Installing: /home/tanmay/Telenex-Robotics-Solution/install/custom_interfaces/share/ament_index/resource_index/rosidl_interfaces/custom_interfaces
[3.451s] -- Installing: /home/tanmay/Telenex-Robotics-Solution/install/custom_interfaces/include/custom_interfaces/custom_interfaces
[3.451s] -- Installing: /home/tanmay/Telenex-Robotics-Solution/install/custom_interfaces/include/custom_interfaces/custom_interfaces/srv
[3.451s] -- Installing: /home/tanmay/Telenex-Robotics-Solution/install/custom_interfaces/include/custom_interfaces/custom_interfaces/srv/detail
[3.451s] -- Installing: /home/tanmay/Telenex-Robotics-Solution/install/custom_interfaces/include/custom_interfaces/custom_interfaces/srv/detail/farm_management__type_support.h
[3.451s] -- Installing: /home/tanmay/Telenex-Robotics-Solution/install/custom_interfaces/include/custom_interfaces/custom_interfaces/srv/detail/farm_management__functions.c
[3.451s] -- Installing: /home/tanmay/Telenex-Robotics-Solution/install/custom_interfaces/include/custom_interfaces/custom_interfaces/srv/detail/farm_management__struct.h
[3.451s] -- Installing: /home/tanmay/Telenex-Robotics-Solution/install/custom_interfaces/include/custom_interfaces/custom_interfaces/srv/detail/farm_management__functions.h
[3.451s] -- Installing: /home/tanmay/Telenex-Robotics-Solution/install/custom_interfaces/include/custom_interfaces/custom_interfaces/srv/farm_management.h
[3.451s] -- Installing: /home/tanmay/Telenex-Robotics-Solution/install/custom_interfaces/include/custom_interfaces/custom_interfaces/msg
[3.451s] -- Installing: /home/tanmay/Telenex-Robotics-Solution/install/custom_interfaces/include/custom_interfaces/custom_interfaces/msg/detail
[3.451s] -- Installing: /home/tanmay/Telenex-Robotics-Solution/install/custom_interfaces/include/custom_interfaces/custom_interfaces/msg/detail/object_meta_data__struct.h
[3.452s] -- Installing: /home/tanmay/Telenex-Robotics-Solution/install/custom_interfaces/include/custom_interfaces/custom_interfaces/msg/detail/object_meta_data__functions.c
[3.452s] -- Installing: /home/tanmay/Telenex-Robotics-Solution/install/custom_interfaces/include/custom_interfaces/custom_interfaces/msg/detail/object_meta_data__functions.h
[3.452s] -- Installing: /home/tanmay/Telenex-Robotics-Solution/install/custom_interfaces/include/custom_interfaces/custom_interfaces/msg/detail/robot_telemetry__type_support.h
[3.452s] -- Installing: /home/tanmay/Telenex-Robotics-Solution/install/custom_interfaces/include/custom_interfaces/custom_interfaces/msg/detail/object_meta_data__type_support.h
[3.452s] -- Installing: /home/tanmay/Telenex-Robotics-Solution/install/custom_interfaces/include/custom_interfaces/custom_interfaces/msg/detail/robot_telemetry__functions.c
[3.452s] -- Installing: /home/tanmay/Telenex-Robotics-Solution/install/custom_interfaces/include/custom_interfaces/custom_interfaces/msg/detail/robot_telemetry__functions.h
[3.452s] -- Installing: /home/tanmay/Telenex-Robotics-Solution/install/custom_interfaces/include/custom_interfaces/custom_interfaces/msg/detail/drone_telemetry__type_support.h
[3.452s] -- Installing: /home/tanmay/Telenex-Robotics-Solution/install/custom_interfaces/include/custom_interfaces/custom_interfaces/msg/detail/robot_telemetry__struct.h
[3.452s] -- Installing: /home/tanmay/Telenex-Robotics-Solution/install/custom_interfaces/include/custom_interfaces/custom_interfaces/msg/detail/drone_telemetry__functions.c
[3.452s] -- Installing: /home/tanmay/Telenex-Robotics-Solution/install/custom_interfaces/include/custom_interfaces/custom_interfaces/msg/detail/drone_telemetry__struct.h
[3.452s] -- Installing: /home/tanmay/Telenex-Robotics-Solution/install/custom_interfaces/include/custom_interfaces/custom_interfaces/msg/detail/drone_telemetry__functions.h
[3.452s] -- Installing: /home/tanmay/Telenex-Robotics-Solution/install/custom_interfaces/include/custom_interfaces/custom_interfaces/msg/object_meta_data.h
[3.452s] -- Installing: /home/tanmay/Telenex-Robotics-Solution/install/custom_interfaces/include/custom_interfaces/custom_interfaces/msg/robot_telemetry.h
[3.452s] -- Installing: /home/tanmay/Telenex-Robotics-Solution/install/custom_interfaces/include/custom_interfaces/custom_interfaces/msg/rosidl_generator_c__visibility_control.h
[3.452s] -- Installing: /home/tanmay/Telenex-Robotics-Solution/install/custom_interfaces/include/custom_interfaces/custom_interfaces/msg/drone_telemetry.h
[3.452s] -- Installing: /home/tanmay/Telenex-Robotics-Solution/install/custom_interfaces/share/custom_interfaces/environment/library_path.sh
[3.452s] -- Installing: /home/tanmay/Telenex-Robotics-Solution/install/custom_interfaces/share/custom_interfaces/environment/library_path.dsv
[3.452s] -- Installing: /home/tanmay/Telenex-Robotics-Solution/install/custom_interfaces/lib/libcustom_interfaces__rosidl_generator_c.so
[3.453s] -- Set runtime path of "/home/tanmay/Telenex-Robotics-Solution/install/custom_interfaces/lib/libcustom_interfaces__rosidl_generator_c.so" to ""
[3.453s] -- Up-to-date: /home/tanmay/Telenex-Robotics-Solution/install/custom_interfaces/include/custom_interfaces/custom_interfaces
[3.453s] -- Up-to-date: /home/tanmay/Telenex-Robotics-Solution/install/custom_interfaces/include/custom_interfaces/custom_interfaces/srv
[3.453s] -- Up-to-date: /home/tanmay/Telenex-Robotics-Solution/install/custom_interfaces/include/custom_interfaces/custom_interfaces/srv/detail
[3.453s] -- Installing: /home/tanmay/Telenex-Robotics-Solution/install/custom_interfaces/include/custom_interfaces/custom_interfaces/srv/detail/farm_management__rosidl_typesupport_fastrtps_c.h
[3.453s] -- Up-to-date: /home/tanmay/Telenex-Robotics-Solution/install/custom_interfaces/include/custom_interfaces/custom_interfaces/msg
[3.453s] -- Up-to-date: /home/tanmay/Telenex-Robotics-Solution/install/custom_interfaces/include/custom_interfaces/custom_interfaces/msg/detail
[3.453s] -- Installing: /home/tanmay/Telenex-Robotics-Solution/install/custom_interfaces/include/custom_interfaces/custom_interfaces/msg/detail/drone_telemetry__rosidl_typesupport_fastrtps_c.h
[3.453s] -- Installing: /home/tanmay/Telenex-Robotics-Solution/install/custom_interfaces/include/custom_interfaces/custom_interfaces/msg/detail/object_meta_data__rosidl_typesupport_fastrtps_c.h
[3.453s] -- Installing: /home/tanmay/Telenex-Robotics-Solution/install/custom_interfaces/include/custom_interfaces/custom_interfaces/msg/detail/robot_telemetry__rosidl_typesupport_fastrtps_c.h
[3.453s] -- Installing: /home/tanmay/Telenex-Robotics-Solution/install/custom_interfaces/include/custom_interfaces/custom_interfaces/msg/rosidl_typesupport_fastrtps_c__visibility_control.h
[3.453s] -- Installing: /home/tanmay/Telenex-Robotics-Solution/install/custom_interfaces/lib/libcustom_interfaces__rosidl_typesupport_fastrtps_c.so
[3.453s] -- Set runtime path of "/home/tanmay/Telenex-Robotics-Solution/install/custom_interfaces/lib/libcustom_interfaces__rosidl_typesupport_fastrtps_c.so" to ""
[3.453s] -- Up-to-date: /home/tanmay/Telenex-Robotics-Solution/install/custom_interfaces/include/custom_interfaces/custom_interfaces
[3.453s] -- Up-to-date: /home/tanmay/Telenex-Robotics-Solution/install/custom_interfaces/include/custom_interfaces/custom_interfaces/srv
[3.453s] -- Up-to-date: /home/tanmay/Telenex-Robotics-Solution/install/custom_interfaces/include/custom_interfaces/custom_interfaces/srv/detail
[3.453s] -- Installing: /home/tanmay/Telenex-Robotics-Solution/install/custom_interfaces/include/custom_interfaces/custom_interfaces/srv/detail/farm_management__struct.hpp
[3.453s] -- Installing: /home/tanmay/Telenex-Robotics-Solution/install/custom_interfaces/include/custom_interfaces/custom_interfaces/srv/detail/farm_management__traits.hpp
[3.453s] -- Installing: /home/tanmay/Telenex-Robotics-Solution/install/custom_interfaces/include/custom_interfaces/custom_interfaces/srv/detail/farm_management__builder.hpp
[3.453s] -- Installing: /home/tanmay/Telenex-Robotics-Solution/install/custom_interfaces/include/custom_interfaces/custom_interfaces/srv/farm_management.hpp
[3.453s] -- Up-to-date: /home/tanmay/Telenex-Robotics-Solution/install/custom_interfaces/include/custom_interfaces/custom_interfaces/msg
[3.453s] -- Up-to-date: /home/tanmay/Telenex-Robotics-Solution/install/custom_interfaces/include/custom_interfaces/custom_interfaces/msg/detail
[3.454s] -- Installing: /home/tanmay/Telenex-Robotics-Solution/install/custom_interfaces/include/custom_interfaces/custom_interfaces/msg/detail/drone_telemetry__struct.hpp
[3.454s] -- Installing: /home/tanmay/Telenex-Robotics-Solution/install/custom_interfaces/include/custom_interfaces/custom_interfaces/msg/detail/object_meta_data__builder.hpp
[3.454s] -- Installing: /home/tanmay/Telenex-Robotics-Solution/install/custom_interfaces/include/custom_interfaces/custom_interfaces/msg/detail/drone_telemetry__traits.hpp
[3.454s] -- Installing: /home/tanmay/Telenex-Robotics-Solution/install/custom_interfaces/include/custom_interfaces/custom_interfaces/msg/detail/robot_telemetry__struct.hpp
[3.454s] -- Installing: /home/tanmay/Telenex-Robotics-Solution/install/custom_interfaces/include/custom_interfaces/custom_interfaces/msg/detail/robot_telemetry__traits.hpp
[3.454s] -- Installing: /home/tanmay/Telenex-Robotics-Solution/install/custom_interfaces/include/custom_interfaces/custom_interfaces/msg/detail/drone_telemetry__builder.hpp
[3.454s] -- Installing: /home/tanmay/Telenex-Robotics-Solution/install/custom_interfaces/include/custom_interfaces/custom_interfaces/msg/detail/robot_telemetry__builder.hpp
[3.454s] -- Installing: /home/tanmay/Telenex-Robotics-Solution/install/custom_interfaces/include/custom_interfaces/custom_interfaces/msg/detail/object_meta_data__traits.hpp
[3.454s] -- Installing: /home/tanmay/Telenex-Robotics-Solution/install/custom_interfaces/include/custom_interfaces/custom_interfaces/msg/detail/object_meta_data__struct.hpp
[3.454s] -- Installing: /home/tanmay/Telenex-Robotics-Solution/install/custom_interfaces/include/custom_interfaces/custom_interfaces/msg/object_meta_data.hpp
[3.454s] -- Installing: /home/tanmay/Telenex-Robotics-Solution/install/custom_interfaces/include/custom_interfaces/custom_interfaces/msg/drone_telemetry.hpp
[3.454s] -- Installing: /home/tanmay/Telenex-Robotics-Solution/install/custom_interfaces/include/custom_interfaces/custom_interfaces/msg/robot_telemetry.hpp
[3.454s] -- Up-to-date: /home/tanmay/Telenex-Robotics-Solution/install/custom_interfaces/include/custom_interfaces/custom_interfaces
[3.454s] -- Up-to-date: /home/tanmay/Telenex-Robotics-Solution/install/custom_interfaces/include/custom_interfaces/custom_interfaces/srv
[3.454s] -- Up-to-date: /home/tanmay/Telenex-Robotics-Solution/install/custom_interfaces/include/custom_interfaces/custom_interfaces/srv/detail
[3.454s] -- Installing: /home/tanmay/Telenex-Robotics-Solution/install/custom_interfaces/include/custom_interfaces/custom_interfaces/srv/detail/dds_fastrtps
[3.454s] -- Installing: /home/tanmay/Telenex-Robotics-Solution/install/custom_interfaces/include/custom_interfaces/custom_interfaces/srv/detail/farm_management__rosidl_typesupport_fastrtps_cpp.hpp
[3.454s] -- Up-to-date: /home/tanmay/Telenex-Robotics-Solution/install/custom_interfaces/include/custom_interfaces/custom_interfaces/msg
[3.454s] -- Up-to-date: /home/tanmay/Telenex-Robotics-Solution/install/custom_interfaces/include/custom_interfaces/custom_interfaces/msg/detail
[3.454s] -- Installing: /home/tanmay/Telenex-Robotics-Solution/install/custom_interfaces/include/custom_interfaces/custom_interfaces/msg/detail/dds_fastrtps
[3.454s] -- Installing: /home/tanmay/Telenex-Robotics-Solution/install/custom_interfaces/include/custom_interfaces/custom_interfaces/msg/detail/object_meta_data__rosidl_typesupport_fastrtps_cpp.hpp
[3.454s] -- Installing: /home/tanmay/Telenex-Robotics-Solution/install/custom_interfaces/include/custom_interfaces/custom_interfaces/msg/detail/drone_telemetry__rosidl_typesupport_fastrtps_cpp.hpp
[3.454s] -- Installing: /home/tanmay/Telenex-Robotics-Solution/install/custom_interfaces/include/custom_interfaces/custom_interfaces/msg/detail/robot_telemetry__rosidl_typesupport_fastrtps_cpp.hpp
[3.454s] -- Installing: /home/tanmay/Telenex-Robotics-Solution/install/custom_interfaces/include/custom_interfaces/custom_interfaces/msg/rosidl_typesupport_fastrtps_cpp__visibility_control.h
[3.455s] -- Installing: /home/tanmay/Telenex-Robotics-Solution/install/custom_interfaces/lib/libcustom_interfaces__rosidl_typesupport_fastrtps_cpp.so
[3.455s] -- Set runtime path of "/home/tanmay/Telenex-Robotics-Solution/install/custom_interfaces/lib/libcustom_interfaces__rosidl_typesupport_fastrtps_cpp.so" to ""
[3.455s] -- Up-to-date: /home/tanmay/Telenex-Robotics-Solution/install/custom_interfaces/include/custom_interfaces/custom_interfaces
[3.455s] -- Up-to-date: /home/tanmay/Telenex-Robotics-Solution/install/custom_interfaces/include/custom_interfaces/custom_interfaces/srv
[3.455s] -- Up-to-date: /home/tanmay/Telenex-Robotics-Solution/install/custom_interfaces/include/custom_interfaces/custom_interfaces/srv/detail
[3.455s] -- Installing: /home/tanmay/Telenex-Robotics-Solution/install/custom_interfaces/include/custom_interfaces/custom_interfaces/srv/detail/farm_management__type_support.c
[3.455s] -- Installing: /home/tanmay/Telenex-Robotics-Solution/install/custom_interfaces/include/custom_interfaces/custom_interfaces/srv/detail/farm_management__rosidl_typesupport_introspection_c.h
[3.455s] -- Up-to-date: /home/tanmay/Telenex-Robotics-Solution/install/custom_interfaces/include/custom_interfaces/custom_interfaces/msg
[3.455s] -- Up-to-date: /home/tanmay/Telenex-Robotics-Solution/install/custom_interfaces/include/custom_interfaces/custom_interfaces/msg/detail
[3.455s] -- Installing: /home/tanmay/Telenex-Robotics-Solution/install/custom_interfaces/include/custom_interfaces/custom_interfaces/msg/detail/object_meta_data__rosidl_typesupport_introspection_c.h
[3.455s] -- Installing: /home/tanmay/Telenex-Robotics-Solution/install/custom_interfaces/include/custom_interfaces/custom_interfaces/msg/detail/robot_telemetry__type_support.c
[3.455s] -- Installing: /home/tanmay/Telenex-Robotics-Solution/install/custom_interfaces/include/custom_interfaces/custom_interfaces/msg/detail/drone_telemetry__rosidl_typesupport_introspection_c.h
[3.455s] -- Installing: /home/tanmay/Telenex-Robotics-Solution/install/custom_interfaces/include/custom_interfaces/custom_interfaces/msg/detail/object_meta_data__type_support.c
[3.455s] -- Installing: /home/tanmay/Telenex-Robotics-Solution/install/custom_interfaces/include/custom_interfaces/custom_interfaces/msg/detail/drone_telemetry__type_support.c
[3.455s] -- Installing: /home/tanmay/Telenex-Robotics-Solution/install/custom_interfaces/include/custom_interfaces/custom_interfaces/msg/detail/robot_telemetry__rosidl_typesupport_introspection_c.h
[3.455s] -- Installing: /home/tanmay/Telenex-Robotics-Solution/install/custom_interfaces/include/custom_interfaces/custom_interfaces/msg/rosidl_typesupport_introspection_c__visibility_control.h
[3.455s] -- Installing: /home/tanmay/Telenex-Robotics-Solution/install/custom_interfaces/lib/libcustom_interfaces__rosidl_typesupport_introspection_c.so
[3.455s] -- Set runtime path of "/home/tanmay/Telenex-Robotics-Solution/install/custom_interfaces/lib/libcustom_interfaces__rosidl_typesupport_introspection_c.so" to ""
[3.455s] -- Installing: /home/tanmay/Telenex-Robotics-Solution/install/custom_interfaces/lib/libcustom_interfaces__rosidl_typesupport_c.so
[3.455s] -- Set runtime path of "/home/tanmay/Telenex-Robotics-Solution/install/custom_interfaces/lib/libcustom_interfaces__rosidl_typesupport_c.so" to ""
[3.456s] -- Up-to-date: /home/tanmay/Telenex-Robotics-Solution/install/custom_interfaces/include/custom_interfaces/custom_interfaces
[3.456s] -- Up-to-date: /home/tanmay/Telenex-Robotics-Solution/install/custom_interfaces/include/custom_interfaces/custom_interfaces/srv
[3.456s] -- Up-to-date: /home/tanmay/Telenex-Robotics-Solution/install/custom_interfaces/include/custom_interfaces/custom_interfaces/srv/detail
[3.456s] -- Installing: /home/tanmay/Telenex-Robotics-Solution/install/custom_interfaces/include/custom_interfaces/custom_interfaces/srv/detail/farm_management__rosidl_typesupport_introspection_cpp.hpp
[3.456s] -- Installing: /home/tanmay/Telenex-Robotics-Solution/install/custom_interfaces/include/custom_interfaces/custom_interfaces/srv/detail/farm_management__type_support.cpp
[3.456s] -- Up-to-date: /home/tanmay/Telenex-Robotics-Solution/install/custom_interfaces/include/custom_interfaces/custom_interfaces/msg
[3.456s] -- Up-to-date: /home/tanmay/Telenex-Robotics-Solution/install/custom_interfaces/include/custom_interfaces/custom_interfaces/msg/detail
[3.456s] -- Installing: /home/tanmay/Telenex-Robotics-Solution/install/custom_interfaces/include/custom_interfaces/custom_interfaces/msg/detail/robot_telemetry__rosidl_typesupport_introspection_cpp.hpp
[3.456s] -- Installing: /home/tanmay/Telenex-Robotics-Solution/install/custom_interfaces/include/custom_interfaces/custom_interfaces/msg/detail/drone_telemetry__type_support.cpp
[3.456s] -- Installing: /home/tanmay/Telenex-Robotics-Solution/install/custom_interfaces/include/custom_interfaces/custom_interfaces/msg/detail/object_meta_data__rosidl_typesupport_introspection_cpp.hpp
[3.456s] -- Installing: /home/tanmay/Telenex-Robotics-Solution/install/custom_interfaces/include/custom_interfaces/custom_interfaces/msg/detail/drone_telemetry__rosidl_typesupport_introspection_cpp.hpp
[3.456s] -- Installing: /home/tanmay/Telenex-Robotics-Solution/install/custom_interfaces/include/custom_interfaces/custom_interfaces/msg/detail/object_meta_data__type_support.cpp
[3.456s] -- Installing: /home/tanmay/Telenex-Robotics-Solution/install/custom_interfaces/include/custom_interfaces/custom_interfaces/msg/detail/robot_telemetry__type_support.cpp
[3.456s] -- Installing: /home/tanmay/Telenex-Robotics-Solution/install/custom_interfaces/lib/libcustom_interfaces__rosidl_typesupport_introspection_cpp.so
[3.456s] -- Set runtime path of "/home/tanmay/Telenex-Robotics-Solution/install/custom_interfaces/lib/libcustom_interfaces__rosidl_typesupport_introspection_cpp.so" to ""
[3.456s] -- Installing: /home/tanmay/Telenex-Robotics-Solution/install/custom_interfaces/lib/libcustom_interfaces__rosidl_typesupport_cpp.so
[3.456s] -- Set runtime path of "/home/tanmay/Telenex-Robotics-Solution/install/custom_interfaces/lib/libcustom_interfaces__rosidl_typesupport_cpp.so" to ""
[3.456s] -- Installing: /home/tanmay/Telenex-Robotics-Solution/install/custom_interfaces/share/custom_interfaces/environment/pythonpath.sh
[3.456s] -- Installing: /home/tanmay/Telenex-Robotics-Solution/install/custom_interfaces/share/custom_interfaces/environment/pythonpath.dsv
[3.456s] -- Installing: /home/tanmay/Telenex-Robotics-Solution/install/custom_interfaces/local/lib/python3.10/dist-packages/custom_interfaces-0.0.0-py3.10.egg-info
[3.457s] -- Installing: /home/tanmay/Telenex-Robotics-Solution/install/custom_interfaces/local/lib/python3.10/dist-packages/custom_interfaces-0.0.0-py3.10.egg-info/dependency_links.txt
[3.457s] -- Installing: /home/tanmay/Telenex-Robotics-Solution/install/custom_interfaces/local/lib/python3.10/dist-packages/custom_interfaces-0.0.0-py3.10.egg-info/SOURCES.txt
[3.457s] -- Installing: /home/tanmay/Telenex-Robotics-Solution/install/custom_interfaces/local/lib/python3.10/dist-packages/custom_interfaces-0.0.0-py3.10.egg-info/PKG-INFO
[3.457s] -- Installing: /home/tanmay/Telenex-Robotics-Solution/install/custom_interfaces/local/lib/python3.10/dist-packages/custom_interfaces-0.0.0-py3.10.egg-info/top_level.txt
[3.457s] -- Installing: /home/tanmay/Telenex-Robotics-Solution/install/custom_interfaces/local/lib/python3.10/dist-packages/custom_interfaces
[3.457s] -- Installing: /home/tanmay/Telenex-Robotics-Solution/install/custom_interfaces/local/lib/python3.10/dist-packages/custom_interfaces/_custom_interfaces_s.ep.rosidl_typesupport_c.c
[3.457s] -- Installing: /home/tanmay/Telenex-Robotics-Solution/install/custom_interfaces/local/lib/python3.10/dist-packages/custom_interfaces/srv
[3.457s] -- Installing: /home/tanmay/Telenex-Robotics-Solution/install/custom_interfaces/local/lib/python3.10/dist-packages/custom_interfaces/srv/_farm_management.py
[3.457s] -- Installing: /home/tanmay/Telenex-Robotics-Solution/install/custom_interfaces/local/lib/python3.10/dist-packages/custom_interfaces/srv/_farm_management_s.c
[3.457s] -- Installing: /home/tanmay/Telenex-Robotics-Solution/install/custom_interfaces/local/lib/python3.10/dist-packages/custom_interfaces/srv/__init__.py
[3.457s] -- Installing: /home/tanmay/Telenex-Robotics-Solution/install/custom_interfaces/local/lib/python3.10/dist-packages/custom_interfaces/custom_interfaces_s__rosidl_typesupport_fastrtps_c.cpython-310-x86_64-linux-gnu.so
[3.457s] -- Installing: /home/tanmay/Telenex-Robotics-Solution/install/custom_interfaces/local/lib/python3.10/dist-packages/custom_interfaces/msg
[3.457s] -- Installing: /home/tanmay/Telenex-Robotics-Solution/install/custom_interfaces/local/lib/python3.10/dist-packages/custom_interfaces/msg/_object_meta_data.py
[3.457s] -- Installing: /home/tanmay/Telenex-Robotics-Solution/install/custom_interfaces/local/lib/python3.10/dist-packages/custom_interfaces/msg/_drone_telemetry.py
[3.457s] -- Installing: /home/tanmay/Telenex-Robotics-Solution/install/custom_interfaces/local/lib/python3.10/dist-packages/custom_interfaces/msg/_object_meta_data_s.c
[3.457s] -- Installing: /home/tanmay/Telenex-Robotics-Solution/install/custom_interfaces/local/lib/python3.10/dist-packages/custom_interfaces/msg/_robot_telemetry_s.c
[3.457s] -- Installing: /home/tanmay/Telenex-Robotics-Solution/install/custom_interfaces/local/lib/python3.10/dist-packages/custom_interfaces/msg/_drone_telemetry_s.c
[3.457s] -- Installing: /home/tanmay/Telenex-Robotics-Solution/install/custom_interfaces/local/lib/python3.10/dist-packages/custom_interfaces/msg/__init__.py
[3.457s] -- Installing: /home/tanmay/Telenex-Robotics-Solution/install/custom_interfaces/local/lib/python3.10/dist-packages/custom_interfaces/msg/_robot_telemetry.py
[3.457s] -- Installing: /home/tanmay/Telenex-Robotics-Solution/install/custom_interfaces/local/lib/python3.10/dist-packages/custom_interfaces/custom_interfaces_s__rosidl_typesupport_c.cpython-310-x86_64-linux-gnu.so
[3.458s] -- Installing: /home/tanmay/Telenex-Robotics-Solution/install/custom_interfaces/local/lib/python3.10/dist-packages/custom_interfaces/_custom_interfaces_s.ep.rosidl_typesupport_fastrtps_c.c
[3.458s] -- Installing: /home/tanmay/Telenex-Robotics-Solution/install/custom_interfaces/local/lib/python3.10/dist-packages/custom_interfaces/libcustom_interfaces__rosidl_generator_py.so
[3.458s] -- Installing: /home/tanmay/Telenex-Robotics-Solution/install/custom_interfaces/local/lib/python3.10/dist-packages/custom_interfaces/custom_interfaces_s__rosidl_typesupport_introspection_c.cpython-310-x86_64-linux-gnu.so
[3.458s] -- Installing: /home/tanmay/Telenex-Robotics-Solution/install/custom_interfaces/local/lib/python3.10/dist-packages/custom_interfaces/_custom_interfaces_s.ep.rosidl_typesupport_introspection_c.c
[3.458s] -- Installing: /home/tanmay/Telenex-Robotics-Solution/install/custom_interfaces/local/lib/python3.10/dist-packages/custom_interfaces/__init__.py
[3.485s] Listing '/home/tanmay/Telenex-Robotics-Solution/install/custom_interfaces/local/lib/python3.10/dist-packages/custom_interfaces'...
[3.485s] Compiling '/home/tanmay/Telenex-Robotics-Solution/install/custom_interfaces/local/lib/python3.10/dist-packages/custom_interfaces/__init__.py'...
[3.485s] Listing '/home/tanmay/Telenex-Robotics-Solution/install/custom_interfaces/local/lib/python3.10/dist-packages/custom_interfaces/msg'...
[3.485s] Compiling '/home/tanmay/Telenex-Robotics-Solution/install/custom_interfaces/local/lib/python3.10/dist-packages/custom_interfaces/msg/__init__.py'...
[3.485s] Compiling '/home/tanmay/Telenex-Robotics-Solution/install/custom_interfaces/local/lib/python3.10/dist-packages/custom_interfaces/msg/_drone_telemetry.py'...
[3.485s] Compiling '/home/tanmay/Telenex-Robotics-Solution/install/custom_interfaces/local/lib/python3.10/dist-packages/custom_interfaces/msg/_object_meta_data.py'...
[3.485s] Compiling '/home/tanmay/Telenex-Robotics-Solution/install/custom_interfaces/local/lib/python3.10/dist-packages/custom_interfaces/msg/_robot_telemetry.py'...
[3.486s] Listing '/home/tanmay/Telenex-Robotics-Solution/install/custom_interfaces/local/lib/python3.10/dist-packages/custom_interfaces/srv'...
[3.486s] Compiling '/home/tanmay/Telenex-Robotics-Solution/install/custom_interfaces/local/lib/python3.10/dist-packages/custom_interfaces/srv/__init__.py'...
[3.486s] Compiling '/home/tanmay/Telenex-Robotics-Solution/install/custom_interfaces/local/lib/python3.10/dist-packages/custom_interfaces/srv/_farm_management.py'...
[3.488s] -- Installing: /home/tanmay/Telenex-Robotics-Solution/install/custom_interfaces/local/lib/python3.10/dist-packages/custom_interfaces/custom_interfaces_s__rosidl_typesupport_fastrtps_c.cpython-310-x86_64-linux-gnu.so
[3.489s] -- Set runtime path of "/home/tanmay/Telenex-Robotics-Solution/install/custom_interfaces/local/lib/python3.10/dist-packages/custom_interfaces/custom_interfaces_s__rosidl_typesupport_fastrtps_c.cpython-310-x86_64-linux-gnu.so" to ""
[3.489s] -- Installing: /home/tanmay/Telenex-Robotics-Solution/install/custom_interfaces/local/lib/python3.10/dist-packages/custom_interfaces/custom_interfaces_s__rosidl_typesupport_introspection_c.cpython-310-x86_64-linux-gnu.so
[3.489s] -- Set runtime path of "/home/tanmay/Telenex-Robotics-Solution/install/custom_interfaces/local/lib/python3.10/dist-packages/custom_interfaces/custom_interfaces_s__rosidl_typesupport_introspection_c.cpython-310-x86_64-linux-gnu.so" to ""
[3.489s] -- Installing: /home/tanmay/Telenex-Robotics-Solution/install/custom_interfaces/local/lib/python3.10/dist-packages/custom_interfaces/custom_interfaces_s__rosidl_typesupport_c.cpython-310-x86_64-linux-gnu.so
[3.489s] -- Set runtime path of "/home/tanmay/Telenex-Robotics-Solution/install/custom_interfaces/local/lib/python3.10/dist-packages/custom_interfaces/custom_interfaces_s__rosidl_typesupport_c.cpython-310-x86_64-linux-gnu.so" to ""
[3.489s] -- Installing: /home/tanmay/Telenex-Robotics-Solution/install/custom_interfaces/lib/libcustom_interfaces__rosidl_generator_py.so
[3.489s] -- Set runtime path of "/home/tanmay/Telenex-Robotics-Solution/install/custom_interfaces/lib/libcustom_interfaces__rosidl_generator_py.so" to ""
[3.489s] -- Installing: /home/tanmay/Telenex-Robotics-Solution/install/custom_interfaces/share/custom_interfaces/msg/RobotTelemetry.idl
[3.489s] -- Installing: /home/tanmay/Telenex-Robotics-Solution/install/custom_interfaces/share/custom_interfaces/msg/DroneTelemetry.idl
[3.490s] -- Installing: /home/tanmay/Telenex-Robotics-Solution/install/custom_interfaces/share/custom_interfaces/msg/ObjectMetaData.idl
[3.490s] -- Installing: /home/tanmay/Telenex-Robotics-Solution/install/custom_interfaces/share/custom_interfaces/srv/FarmManagement.idl
[3.490s] -- Installing: /home/tanmay/Telenex-Robotics-Solution/install/custom_interfaces/share/custom_interfaces/msg/RobotTelemetry.msg
[3.490s] -- Installing: /home/tanmay/Telenex-Robotics-Solution/install/custom_interfaces/share/custom_interfaces/msg/DroneTelemetry.msg
[3.490s] -- Installing: /home/tanmay/Telenex-Robotics-Solution/install/custom_interfaces/share/custom_interfaces/msg/ObjectMetaData.msg
[3.490s] -- Installing: /home/tanmay/Telenex-Robotics-Solution/install/custom_interfaces/share/custom_interfaces/srv/FarmManagement.srv
[3.490s] -- Installing: /home/tanmay/Telenex-Robotics-Solution/install/custom_interfaces/share/custom_interfaces/srv/FarmManagement_Request.msg
[3.490s] -- Installing: /home/tanmay/Telenex-Robotics-Solution/install/custom_interfaces/share/custom_interfaces/srv/FarmManagement_Response.msg
[3.490s] -- Installing: /home/tanmay/Telenex-Robotics-Solution/install/custom_interfaces/share/ament_index/resource_index/package_run_dependencies/custom_interfaces
[3.490s] -- Installing: /home/tanmay/Telenex-Robotics-Solution/install/custom_interfaces/share/ament_index/resource_index/parent_prefix_path/custom_interfaces
[3.490s] -- Installing: /home/tanmay/Telenex-Robotics-Solution/install/custom_interfaces/share/custom_interfaces/environment/ament_prefix_path.sh
[3.490s] -- Installing: /home/tanmay/Telenex-Robotics-Solution/install/custom_interfaces/share/custom_interfaces/environment/ament_prefix_path.dsv
[3.490s] -- Installing: /home/tanmay/Telenex-Robotics-Solution/install/custom_interfaces/share/custom_interfaces/environment/path.sh
[3.490s] -- Installing: /home/tanmay/Telenex-Robotics-Solution/install/custom_interfaces/share/custom_interfaces/environment/path.dsv
[3.490s] -- Installing: /home/tanmay/Telenex-Robotics-Solution/install/custom_interfaces/share/custom_interfaces/local_setup.bash
[3.490s] -- Installing: /home/tanmay/Telenex-Robotics-Solution/install/custom_interfaces/share/custom_interfaces/local_setup.sh
[3.490s] -- Installing: /home/tanmay/Telenex-Robotics-Solution/install/custom_interfaces/share/custom_interfaces/local_setup.zsh
[3.491s] -- Installing: /home/tanmay/Telenex-Robotics-Solution/install/custom_interfaces/share/custom_interfaces/local_setup.dsv
[3.491s] -- Installing: /home/tanmay/Telenex-Robotics-Solution/install/custom_interfaces/share/custom_interfaces/package.dsv
[3.491s] -- Installing: /home/tanmay/Telenex-Robotics-Solution/install/custom_interfaces/share/ament_index/resource_index/packages/custom_interfaces
[3.491s] -- Installing: /home/tanmay/Telenex-Robotics-Solution/install/custom_interfaces/share/custom_interfaces/cmake/export_custom_interfaces__rosidl_generator_cExport.cmake
[3.491s] -- Installing: /home/tanmay/Telenex-Robotics-Solution/install/custom_interfaces/share/custom_interfaces/cmake/export_custom_interfaces__rosidl_generator_cExport-noconfig.cmake
[3.491s] -- Installing: /home/tanmay/Telenex-Robotics-Solution/install/custom_interfaces/share/custom_interfaces/cmake/export_custom_interfaces__rosidl_typesupport_fastrtps_cExport.cmake
[3.491s] -- Installing: /home/tanmay/Telenex-Robotics-Solution/install/custom_interfaces/share/custom_interfaces/cmake/export_custom_interfaces__rosidl_typesupport_fastrtps_cExport-noconfig.cmake
[3.491s] -- Installing: /home/tanmay/Telenex-Robotics-Solution/install/custom_interfaces/share/custom_interfaces/cmake/export_custom_interfaces__rosidl_generator_cppExport.cmake
[3.491s] -- Installing: /home/tanmay/Telenex-Robotics-Solution/install/custom_interfaces/share/custom_interfaces/cmake/export_custom_interfaces__rosidl_typesupport_fastrtps_cppExport.cmake
[3.491s] -- Installing: /home/tanmay/Telenex-Robotics-Solution/install/custom_interfaces/share/custom_interfaces/cmake/export_custom_interfaces__rosidl_typesupport_fastrtps_cppExport-noconfig.cmake
[3.491s] -- Installing: /home/tanmay/Telenex-Robotics-Solution/install/custom_interfaces/share/custom_interfaces/cmake/custom_interfaces__rosidl_typesupport_introspection_cExport.cmake
[3.491s] -- Installing: /home/tanmay/Telenex-Robotics-Solution/install/custom_interfaces/share/custom_interfaces/cmake/custom_interfaces__rosidl_typesupport_introspection_cExport-noconfig.cmake
[3.491s] -- Installing: /home/tanmay/Telenex-Robotics-Solution/install/custom_interfaces/share/custom_interfaces/cmake/custom_interfaces__rosidl_typesupport_cExport.cmake
[3.491s] -- Installing: /home/tanmay/Telenex-Robotics-Solution/install/custom_interfaces/share/custom_interfaces/cmake/custom_interfaces__rosidl_typesupport_cExport-noconfig.cmake
[3.491s] -- Installing: /home/tanmay/Telenex-Robotics-Solution/install/custom_interfaces/share/custom_interfaces/cmake/custom_interfaces__rosidl_typesupport_introspection_cppExport.cmake
[3.492s] -- Installing: /home/tanmay/Telenex-Robotics-Solution/install/custom_interfaces/share/custom_interfaces/cmake/custom_interfaces__rosidl_typesupport_introspection_cppExport-noconfig.cmake
[3.492s] -- Installing: /home/tanmay/Telenex-Robotics-Solution/install/custom_interfaces/share/custom_interfaces/cmake/custom_interfaces__rosidl_typesupport_cppExport.cmake
[3.492s] -- Installing: /home/tanmay/Telenex-Robotics-Solution/install/custom_interfaces/share/custom_interfaces/cmake/custom_interfaces__rosidl_typesupport_cppExport-noconfig.cmake
[3.492s] -- Installing: /home/tanmay/Telenex-Robotics-Solution/install/custom_interfaces/share/custom_interfaces/cmake/export_custom_interfaces__rosidl_generator_pyExport.cmake
[3.492s] -- Installing: /home/tanmay/Telenex-Robotics-Solution/install/custom_interfaces/share/custom_interfaces/cmake/export_custom_interfaces__rosidl_generator_pyExport-noconfig.cmake
[3.492s] -- Installing: /home/tanmay/Telenex-Robotics-Solution/install/custom_interfaces/share/custom_interfaces/cmake/rosidl_cmake-extras.cmake
[3.492s] -- Installing: /home/tanmay/Telenex-Robotics-Solution/install/custom_interfaces/share/custom_interfaces/cmake/ament_cmake_export_dependencies-extras.cmake
[3.492s] -- Installing: /home/tanmay/Telenex-Robotics-Solution/install/custom_interfaces/share/custom_interfaces/cmake/ament_cmake_export_include_directories-extras.cmake
[3.492s] -- Installing: /home/tanmay/Telenex-Robotics-Solution/install/custom_interfaces/share/custom_interfaces/cmake/ament_cmake_export_libraries-extras.cmake
[3.492s] -- Installing: /home/tanmay/Telenex-Robotics-Solution/install/custom_interfaces/share/custom_interfaces/cmake/ament_cmake_export_targets-extras.cmake
[3.492s] -- Installing: /home/tanmay/Telenex-Robotics-Solution/install/custom_interfaces/share/custom_interfaces/cmake/rosidl_cmake_export_typesupport_targets-extras.cmake
[3.492s] -- Installing: /home/tanmay/Telenex-Robotics-Solution/install/custom_interfaces/share/custom_interfaces/cmake/rosidl_cmake_export_typesupport_libraries-extras.cmake
[3.492s] -- Installing: /home/tanmay/Telenex-Robotics-Solution/install/custom_interfaces/share/custom_interfaces/cmake/custom_interfacesConfig.cmake
[3.492s] -- Installing: /home/tanmay/Telenex-Robotics-Solution/install/custom_interfaces/share/custom_interfaces/cmake/custom_interfacesConfig-version.cmake
[3.492s] -- Installing: /home/tanmay/Telenex-Robotics-Solution/install/custom_interfaces/share/custom_interfaces/package.xml
[3.494s] Invoked command in '/home/tanmay/Telenex-Robotics-Solution/build/custom_interfaces' returned '0': CMAKE_PREFIX_PATH=${CMAKE_PREFIX_PATH}:/home/tanmay/telenex_robotics_assignments/install/problem4:/home/tanmay/telenex_robotics_assignments/install/problem3:/home/tanmay/telenex_robotics_assignments/install/problem2:/home/tanmay/telenex_robotics_assignments/install/problem1:/home/tanmay/colcon_ws/install/ur5_control:/opt/ros/humble /usr/bin/cmake --install /home/tanmay/Telenex-Robotics-Solution/build/custom_interfaces
